<?xml version="1.0" encoding="UTF-8"?>
<testng-results skipped="0" failed="1" ignored="0" total="4" passed="3">
  <reporter-output>
  </reporter-output>
  <suite name="Default Suite" duration-ms="28739" started-at="2022-03-14T02:04:14 CET" finished-at="2022-03-14T02:04:42 CET">
    <groups>
    </groups>
    <test name="LagunaProjectQA" duration-ms="28739" started-at="2022-03-14T02:04:14 CET" finished-at="2022-03-14T02:04:42 CET">
      <class name="tests.SocialNetworkTest">
        <test-method status="PASS" signature="redirectToFacebook()[pri:0, instance:tests.SocialNetworkTest@3159c4b8]" name="redirectToFacebook" duration-ms="7585" started-at="2022-03-14T02:04:14 CET" finished-at="2022-03-14T02:04:21 CET">
          <reporter-output>
          </reporter-output>
        </test-method> <!-- redirectToFacebook -->
        <test-method status="PASS" signature="testFailureScreenshot(org.testng.ITestResult)[pri:0, instance:tests.SocialNetworkTest@3159c4b8]" name="testFailureScreenshot" is-config="true" duration-ms="33" started-at="2022-03-14T02:04:21 CET" finished-at="2022-03-14T02:04:21 CET">
          <params>
            <param index="0">
              <value>
                <![CDATA[[TestResult name=redirectToFacebook status=SUCCESS method=SocialNetworkTest.redirectToFacebook()[pri:0, instance:tests.SocialNetworkTest@3159c4b8] output={null}]]]>
              </value>
            </param>
          </params>
          <reporter-output>
          </reporter-output>
        </test-method> <!-- testFailureScreenshot -->
        <test-method status="PASS" signature="redirectToInstagram()[pri:0, instance:tests.SocialNetworkTest@3159c4b8]" name="redirectToInstagram" duration-ms="7297" started-at="2022-03-14T02:04:21 CET" finished-at="2022-03-14T02:04:29 CET">
          <reporter-output>
          </reporter-output>
        </test-method> <!-- redirectToInstagram -->
        <test-method status="PASS" signature="testFailureScreenshot(org.testng.ITestResult)[pri:0, instance:tests.SocialNetworkTest@3159c4b8]" name="testFailureScreenshot" is-config="true" duration-ms="1" started-at="2022-03-14T02:04:29 CET" finished-at="2022-03-14T02:04:29 CET">
          <params>
            <param index="0">
              <value>
                <![CDATA[[TestResult name=redirectToInstagram status=SUCCESS method=SocialNetworkTest.redirectToInstagram()[pri:0, instance:tests.SocialNetworkTest@3159c4b8] output={null}]]]>
              </value>
            </param>
          </params>
          <reporter-output>
          </reporter-output>
        </test-method> <!-- testFailureScreenshot -->
        <test-method status="PASS" signature="redirectToTwitter()[pri:0, instance:tests.SocialNetworkTest@3159c4b8]" name="redirectToTwitter" duration-ms="6075" started-at="2022-03-14T02:04:29 CET" finished-at="2022-03-14T02:04:35 CET">
          <reporter-output>
          </reporter-output>
        </test-method> <!-- redirectToTwitter -->
        <test-method status="PASS" signature="testFailureScreenshot(org.testng.ITestResult)[pri:0, instance:tests.SocialNetworkTest@3159c4b8]" name="testFailureScreenshot" is-config="true" duration-ms="1" started-at="2022-03-14T02:04:35 CET" finished-at="2022-03-14T02:04:35 CET">
          <params>
            <param index="0">
              <value>
                <![CDATA[[TestResult name=redirectToTwitter status=SUCCESS method=SocialNetworkTest.redirectToTwitter()[pri:0, instance:tests.SocialNetworkTest@3159c4b8] output={null}]]]>
              </value>
            </param>
          </params>
          <reporter-output>
          </reporter-output>
        </test-method> <!-- testFailureScreenshot -->
        <test-method status="FAIL" signature="redirectToYoutube()[pri:0, instance:tests.SocialNetworkTest@3159c4b8]" name="redirectToYoutube" duration-ms="7611" started-at="2022-03-14T02:04:35 CET" finished-at="2022-03-14T02:04:42 CET">
          <exception class="java.lang.AssertionError">
            <message>
              <![CDATA[Wrong URL. Expected: https://www.facebook.com/LagunaKnjige/ . Actual: https://www.youtube.com/user/lagunaknjige]]>
            </message>
            <full-stacktrace>
              <![CDATA[java.lang.AssertionError: Wrong URL. Expected: https://www.facebook.com/LagunaKnjige/ . Actual: https://www.youtube.com/user/lagunaknjige
at tests.BaseTest.assertUrl(BaseTest.java:50)
at tests.SocialNetworkTest.redirectToYoutube(SocialNetworkTest.java:147)
at sun.reflect.NativeMethodAccessorImpl.invoke0(Native Method)
at sun.reflect.NativeMethodAccessorImpl.invoke(NativeMethodAccessorImpl.java:62)
at sun.reflect.DelegatingMethodAccessorImpl.invoke(DelegatingMethodAccessorImpl.java:43)
at java.lang.reflect.Method.invoke(Method.java:498)
at org.testng.internal.MethodInvocationHelper.invokeMethod(MethodInvocationHelper.java:133)
at org.testng.internal.TestInvoker.invokeMethod(TestInvoker.java:598)
at org.testng.internal.TestInvoker.invokeTestMethod(TestInvoker.java:173)
at org.testng.internal.MethodRunner.runInSequence(MethodRunner.java:46)
at org.testng.internal.TestInvoker$MethodInvocationAgent.invoke(TestInvoker.java:824)
at org.testng.internal.TestInvoker.invokeTestMethods(TestInvoker.java:146)
at org.testng.internal.TestMethodWorker.invokeTestMethods(TestMethodWorker.java:146)
at org.testng.internal.TestMethodWorker.run(TestMethodWorker.java:128)
at java.util.ArrayList.forEach(ArrayList.java:1249)
at org.testng.TestRunner.privateRun(TestRunner.java:794)
at org.testng.TestRunner.run(TestRunner.java:596)
at org.testng.SuiteRunner.runTest(SuiteRunner.java:377)
at org.testng.SuiteRunner.runSequentially(SuiteRunner.java:371)
at org.testng.SuiteRunner.privateRun(SuiteRunner.java:332)
at org.testng.SuiteRunner.run(SuiteRunner.java:276)
at org.testng.SuiteRunnerWorker.runSuite(SuiteRunnerWorker.java:53)
at org.testng.SuiteRunnerWorker.run(SuiteRunnerWorker.java:96)
at org.testng.TestNG.runSuitesSequentially(TestNG.java:1212)
at org.testng.TestNG.runSuitesLocally(TestNG.java:1134)
at org.testng.TestNG.runSuites(TestNG.java:1063)
at org.testng.TestNG.run(TestNG.java:1031)
at com.intellij.rt.testng.IDEARemoteTestNG.run(IDEARemoteTestNG.java:66)
at com.intellij.rt.testng.RemoteTestNGStarter.main(RemoteTestNGStarter.java:109)
]]>
            </full-stacktrace>
          </exception> <!-- java.lang.AssertionError -->
          <reporter-output>
          </reporter-output>
        </test-method> <!-- redirectToYoutube -->
        <test-method status="FAIL" signature="testFailureScreenshot(org.testng.ITestResult)[pri:0, instance:tests.SocialNetworkTest@3159c4b8]" name="testFailureScreenshot" is-config="true" duration-ms="23" started-at="2022-03-14T02:04:42 CET" finished-at="2022-03-14T02:04:42 CET">
          <params>
            <param index="0">
              <value>
                <![CDATA[[TestResult name=redirectToYoutube status=FAILURE method=SocialNetworkTest.redirectToYoutube()[pri:0, instance:tests.SocialNetworkTest@3159c4b8] output={null}]]]>
              </value>
            </param>
          </params>
          <exception class="org.openqa.selenium.NoSuchSessionException">
            <message>
              <![CDATA[Session ID is null. Using WebDriver after calling quit()?
Build info: version: '4.1.1', revision: 'e8fcc2cecf'
System info: host: 'DESKTOP-P7PIGAP', ip: '192.168.0.196', os.name: 'Windows 10', os.arch: 'amd64', os.version: '10.0', java.version: '1.8.0_111'
Driver info: org.openqa.selenium.chrome.ChromeDriver
Command: [null, screenshot {}]
Capabilities {acceptInsecureCerts: false, browserName: chrome, browserVersion: 99.0.4844.51, chrome: {chromedriverVersion: 99.0.4844.51 (d537ec02474b5..., userDataDir: C:\Users\Malac\AppData\Loca...}, goog:chromeOptions: {debuggerAddress: localhost:50479}, javascriptEnabled: true, networkConnectionEnabled: false, pageLoadStrategy: normal, platform: WINDOWS, platformName: WINDOWS, proxy: Proxy(), se:cdp: ws://localhost:50479/devtoo..., se:cdpVersion: 99.0.4844.51, setWindowRect: true, strictFileInteractability: false, timeouts: {implicit: 0, pageLoad: 300000, script: 30000}, unhandledPromptBehavior: dismiss and notify, webauthn:extension:credBlob: true, webauthn:extension:largeBlob: true, webauthn:virtualAuthenticators: true}]]>
            </message>
            <full-stacktrace>
              <![CDATA[org.openqa.selenium.NoSuchSessionException: Session ID is null. Using WebDriver after calling quit()?
Build info: version: '4.1.1', revision: 'e8fcc2cecf'
System info: host: 'DESKTOP-P7PIGAP', ip: '192.168.0.196', os.name: 'Windows 10', os.arch: 'amd64', os.version: '10.0', java.version: '1.8.0_111'
Driver info: org.openqa.selenium.chrome.ChromeDriver
Command: [null, screenshot {}]
Capabilities {acceptInsecureCerts: false, browserName: chrome, browserVersion: 99.0.4844.51, chrome: {chromedriverVersion: 99.0.4844.51 (d537ec02474b5..., userDataDir: C:\Users\Malac\AppData\Loca...}, goog:chromeOptions: {debuggerAddress: localhost:50479}, javascriptEnabled: true, networkConnectionEnabled: false, pageLoadStrategy: normal, platform: WINDOWS, platformName: WINDOWS, proxy: Proxy(), se:cdp: ws://localhost:50479/devtoo..., se:cdpVersion: 99.0.4844.51, setWindowRect: true, strictFileInteractability: false, timeouts: {implicit: 0, pageLoad: 300000, script: 30000}, unhandledPromptBehavior: dismiss and notify, webauthn:extension:credBlob: true, webauthn:extension:largeBlob: true, webauthn:virtualAuthenticators: true}
at org.openqa.selenium.remote.HttpCommandExecutor.execute(HttpCommandExecutor.java:145)
at org.openqa.selenium.remote.service.DriverCommandExecutor.invokeExecute(DriverCommandExecutor.java:167)
at org.openqa.selenium.remote.service.DriverCommandExecutor.execute(DriverCommandExecutor.java:142)
at org.openqa.selenium.remote.RemoteWebDriver.execute(RemoteWebDriver.java:543)
at org.openqa.selenium.remote.RemoteWebDriver.execute(RemoteWebDriver.java:598)
at org.openqa.selenium.remote.RemoteWebDriver.execute(RemoteWebDriver.java:602)
at org.openqa.selenium.remote.RemoteWebDriver.getScreenshotAs(RemoteWebDriver.java:333)
at tests.BaseTest.testFailureScreenshot(BaseTest.java:64)
at sun.reflect.NativeMethodAccessorImpl.invoke0(Native Method)
at sun.reflect.NativeMethodAccessorImpl.invoke(NativeMethodAccessorImpl.java:62)
at sun.reflect.DelegatingMethodAccessorImpl.invoke(DelegatingMethodAccessorImpl.java:43)
at java.lang.reflect.Method.invoke(Method.java:498)
at org.testng.internal.MethodInvocationHelper.invokeMethod(MethodInvocationHelper.java:133)
at org.testng.internal.MethodInvocationHelper.invokeMethodConsideringTimeout(MethodInvocationHelper.java:62)
at org.testng.internal.ConfigInvoker.invokeConfigurationMethod(ConfigInvoker.java:385)
at org.testng.internal.ConfigInvoker.invokeConfigurations(ConfigInvoker.java:321)
at org.testng.internal.TestInvoker.runConfigMethods(TestInvoker.java:700)
at org.testng.internal.TestInvoker.runAfterGroupsConfigurations(TestInvoker.java:676)
at org.testng.internal.TestInvoker.invokeMethod(TestInvoker.java:660)
at org.testng.internal.TestInvoker.invokeTestMethod(TestInvoker.java:173)
at org.testng.internal.MethodRunner.runInSequence(MethodRunner.java:46)
at org.testng.internal.TestInvoker$MethodInvocationAgent.invoke(TestInvoker.java:824)
at org.testng.internal.TestInvoker.invokeTestMethods(TestInvoker.java:146)
at org.testng.internal.TestMethodWorker.invokeTestMethods(TestMethodWorker.java:146)
at org.testng.internal.TestMethodWorker.run(TestMethodWorker.java:128)
at java.util.ArrayList.forEach(ArrayList.java:1249)
at org.testng.TestRunner.privateRun(TestRunner.java:794)
at org.testng.TestRunner.run(TestRunner.java:596)
at org.testng.SuiteRunner.runTest(SuiteRunner.java:377)
at org.testng.SuiteRunner.runSequentially(SuiteRunner.java:371)
at org.testng.SuiteRunner.privateRun(SuiteRunner.java:332)
at org.testng.SuiteRunner.run(SuiteRunner.java:276)
at org.testng.SuiteRunnerWorker.runSuite(SuiteRunnerWorker.java:53)
at org.testng.SuiteRunnerWorker.run(SuiteRunnerWorker.java:96)
at org.testng.TestNG.runSuitesSequentially(TestNG.java:1212)
at org.testng.TestNG.runSuitesLocally(TestNG.java:1134)
at org.testng.TestNG.runSuites(TestNG.java:1063)
at org.testng.TestNG.run(TestNG.java:1031)
at com.intellij.rt.testng.IDEARemoteTestNG.run(IDEARemoteTestNG.java:66)
at com.intellij.rt.testng.RemoteTestNGStarter.main(RemoteTestNGStarter.java:109)
]]>
            </full-stacktrace>
          </exception> <!-- org.openqa.selenium.NoSuchSessionException -->
          <reporter-output>
          </reporter-output>
        </test-method> <!-- testFailureScreenshot -->
      </class> <!-- tests.SocialNetworkTest -->
    </test> <!-- LagunaProjectQA -->
  </suite> <!-- Default Suite -->
</testng-results>
